Drill Listing
=============
Drill: .012  Tool: 1  Feed: 95  Speed: 300
X 303900  Y 141900
X 344000  Y 141800
X 354600  Y 149300
X 364700  Y 148800
X 384900  Y 137300
X 404800  Y 130900
X 407200  Y 128400
X 407300  Y 123500
X 408500  Y 119800
X 514900  Y 115500
X 515000  Y 136600
X 517300  Y 155100
X 519000  Y 136600
X 519100  Y 113900
X 543300  Y 145400
X 548500  Y 145400
X 622800  Y 161000
X 628200  Y 160900
X 649800  Y 187600
X 645200  Y 176100
X 628200  Y 168900
X 622800  Y 168900
X 545400  Y 234100
X 541300  Y 234300
X 534100  Y 226700
X 530600  Y 226700
X 509700  Y 228100
X 469500  Y 219900
X 465400  Y 219700
X 464400  Y 222900
X 460900  Y 224700
X 445500  Y 213900
X 441300  Y 212900
X 439600  Y 209900
X 437000  Y 207400
X 435100  Y 204500
X 433700  Y 201300
X 326600  Y 238200
X 323900  Y 236400
X 321100  Y 234700
X 318200  Y 233000
X 318000  Y 229800
X 329700  Y 239400
X 332500  Y 241000
X 335700  Y 242700
X 523400  Y 321300
X 574600  Y 321400
X 574700  Y 293100
X 583700  Y 322000
X 611000  Y 274900
X 611000  Y 282500
X 634900  Y 317200
X 638800  Y 300400
X 639500  Y 371500
X 639400  Y 384000
X 602800  Y 383700
X 597800  Y 355100
X 583700  Y 366600
X 583200  Y 384800
X 579100  Y 366400
X 506100  Y 363100
X 503000  Y 358500
X 500500  Y 363100
X 498900  Y 358600
X 497600  Y 365600
X 495300  Y 360200
X 428400  Y 434500
X 430500  Y 437300
X 433600  Y 435600
X 436200  Y 432400
X 444900  Y 423800
X 445000  Y 428600
X 445000  Y 416800
X 445700  Y 405600
X 448000  Y 407900
X 448700  Y 430200
X 451500  Y 408000
X 453800  Y 405700
X 457300  Y 411800
X 461500  Y 405600
X 463700  Y 408000
X 467200  Y 408000
X 467400  Y 430100
X 469300  Y 405500
X 469700  Y 415800
X 471100  Y 397500
X 472500  Y 403600
X 479100  Y 405400
X 479100  Y 408900
X 481200  Y 437400
X 484800  Y 438200
X 505800  Y 407500
X 574700  Y 421500
X 619300  Y 409800
X 619300  Y 401800
X 638500  Y 427100
X 634600  Y 447000
X 583800  Y 449500
X 574800  Y 448800
X 525000  Y 485300
X 523400  Y 448600
X 488200  Y 466100
X 478100  Y 439200
X 474800  Y 440500
X 456600  Y 441900
X 430100  Y 466500
X 412000  Y 473300
X 307200  Y 504900
X 419000  Y 525300
X 428000  Y 526000
X 445500  Y 548300
X 450500  Y 550100
X 455500  Y 551600
X 460500  Y 553100
X 465500  Y 554700
X 470500  Y 556500
X 473200  Y 559900
X 473200  Y 553800
X 485400  Y 553800
X 637800  Y 608300
X 637800  Y 620200
X 605300  Y 637900
X 593900  Y 619400
X 593900  Y 591800
X 581800  Y 603200
X 572800  Y 603000
X 569500  Y 621300
X 532400  Y 635500
X 528200  Y 636500
X 524300  Y 636100
X 522900  Y 628900
X 438900  Y 630400
X 438900  Y 636400
X 431300  Y 636500
X 431200  Y 630300
X 107800  Y 710200
X 118600  Y 710100
X 398400  Y 651100
X 398400  Y 646300
X 420400  Y 650900
X 420500  Y 646100
X 434100  Y 711700
X 444000  Y 711700
X 454100  Y 711500
X 464400  Y 711500
X 474700  Y 711500
X 484700  Y 711500
X 495000  Y 711500
X 504800  Y 711600
X 571600  Y 679800
X 571600  Y 653700
X 579300  Y 705800
X 579300  Y 710800
X 581500  Y 680000
X 587200  Y 710800
X 587200  Y 705800
X 605300  Y 645700
X 634200  Y 678500
X 636100  Y 659300
X 658800  Y 739200
X 196600  Y 751200
X 118400  Y 742400
X 118400  Y 720800
X 118300  Y 731500
X 108000  Y 742500
X 108000  Y 731500
X 107800  Y 721000

Drill: .02  Tool: 2  Feed: 197  Speed: 550
X 113400  Y 129700
X 137700  Y 127100
X 544900  Y 167800
X 555200  Y 167800
X 563500  Y 152900
X 583000  Y 177700
X 583100  Y 156700
X 604000  Y 151800
X 604000  Y 183100
X 646200  Y 146200
X 628000  Y 278700
X 616700  Y 269800
X 604000  Y 204300
X 592300  Y 269700
X 581900  Y 204300
X 564500  Y 233200
X 562800  Y 279000
X 560000  Y 226700
X 556100  Y 263500
X 541500  Y 279000
X 541500  Y 269100
X 137400  Y 203100
X 119600  Y 206400
X 431500  Y 345000
X 477000  Y 342300
X 517800  Y 326500
X 539100  Y 326600
X 567200  Y 349300
X 567500  Y 304600
X 589000  Y 349300
X 589700  Y 304700
X 591500  Y 326600
X 613600  Y 326600
X 641500  Y 349500
X 642200  Y 304700
X 658500  Y 321300
X 658800  Y 299400
X 664200  Y 349600
X 664100  Y 371300
X 634600  Y 405600
X 634500  Y 396700
X 614400  Y 371600
X 600600  Y 396500
X 592400  Y 371300
X 571800  Y 405500
X 565400  Y 390100
X 550600  Y 406700
X 550500  Y 395500
X 541800  Y 371300
X 524400  Y 365700
X 523400  Y 376300
X 513600  Y 365600
X 496300  Y 372400
X 472300  Y 369300
X 462500  Y 369200
X 462400  Y 395000
X 453100  Y 394900
X 452500  Y 369200
X 442700  Y 369200
X 431600  Y 364000
X 439000  Y 446100
X 456800  Y 446200
X 469300  Y 424700
X 474700  Y 446200
X 481000  Y 430500
X 484300  Y 426700
X 506400  Y 426600
X 506400  Y 436300
X 523400  Y 459700
X 538900  Y 454200
X 567900  Y 432300
X 589800  Y 432200
X 591300  Y 454200
X 613100  Y 454200
X 642600  Y 432200
X 664800  Y 432200
X 664800  Y 454000
X 500400  Y 536800
X 494800  Y 464800
X 491500  Y 537100
X 474900  Y 466100
X 456800  Y 466100
X 440500  Y 527400
X 439000  Y 466000
X 433700  Y 527400
X 153300  Y 536600
X 142600  Y 536500
X 115900  Y 578000
X 117500  Y 556600
X 117500  Y 566800
X 132300  Y 547100
X 142400  Y 557100
X 142500  Y 547100
X 153200  Y 547200
X 174200  Y 540800
X 188000  Y 540800
X 202800  Y 540600
X 216700  Y 580200
X 216800  Y 540600
X 216800  Y 567900
X 216800  Y 553900
X 265000  Y 566700
X 350200  Y 575000
X 350200  Y 564600
X 350200  Y 554400
X 350300  Y 584700
X 398200  Y 558800
X 405900  Y 541100
X 499500  Y 548900
X 507300  Y 543900
X 512000  Y 565300
X 521100  Y 565800
X 528900  Y 581400
X 565500  Y 586200
X 588400  Y 586200
X 638900  Y 586200
X 661800  Y 586200
X 661900  Y 608100
X 611900  Y 608300
X 610500  Y 633000
X 589600  Y 608200
X 586600  Y 632400
X 560000  Y 629000
X 536700  Y 632200
X 533200  Y 613800
X 529000  Y 622600
X 524200  Y 602600
X 524100  Y 613900
X 501800  Y 615300
X 456900  Y 628300
X 442200  Y 606700
X 434100  Y 612600
X 434100  Y 600000
X 277400  Y 607100
X 257400  Y 634700
X 257400  Y 617700
X 247100  Y 617700
X 247000  Y 634700
X 216800  Y 623700
X 216700  Y 608600
X 216700  Y 594600
X 202700  Y 594400
X 197700  Y 613000
X 187900  Y 594400
X 182300  Y 608300
X 174200  Y 594400
X 168300  Y 613000
X 157100  Y 608100
X 147100  Y 613300
X 132500  Y 668300
X 147100  Y 668400
X 157300  Y 673800
X 168300  Y 668100
X 182500  Y 673800
X 197600  Y 668100
X 216700  Y 673800
X 217000  Y 640100
X 217200  Y 656000
X 265100  Y 675600
X 316400  Y 684600
X 403900  Y 679400
X 426900  Y 652700
X 449700  Y 643200
X 518400  Y 683900
X 536700  Y 642100
X 539500  Y 683800
X 558800  Y 642000
X 567000  Y 664300
X 587600  Y 664300
X 589400  Y 685600
X 611300  Y 685700
X 621700  Y 641800
X 639300  Y 663600
X 662400  Y 663600
X 662400  Y 685600
X 640600  Y 710600
X 629600  Y 704800
X 621400  Y 726600
X 614600  Y 710600
X 614400  Y 737800
X 562300  Y 703900
X 547100  Y 721900
X 539100  Y 706300
X 401600  Y 737200
X 396800  Y 731000
X 360700  Y 717200
X 332200  Y 719600
X 332200  Y 700500
X 317400  Y 730100
X 317400  Y 710100
X 256900  Y 719900
X 256900  Y 700500
X 240500  Y 710200
X 240200  Y 730000
X 240300  Y 750600
X 257200  Y 739800
X 257200  Y 760000
X 276600  Y 750600
X 296900  Y 759900
X 317200  Y 750300
X 331900  Y 759700
X 332000  Y 739500
X 396800  Y 743100
X 566300  Y 739900

Drill: .035  Tool: 3  Feed: 197  Speed: 550
X 119685  Y 155118
X 129685  Y 155118
X 139685  Y 155118
X 149685  Y 155118
X 159685  Y 155118
X 169685  Y 155118
X 179685  Y 155118
X 189685  Y 155118
X 199685  Y 155118
X 209685  Y 155118
X 219685  Y 155118
X 229685  Y 155118
X 239685  Y 155118
X 249685  Y 155118
X 259685  Y 155118
X 269685  Y 155118
X 279685  Y 155118
X 289685  Y 155118
X 299685  Y 155118
X 309685  Y 155118
X 319685  Y 155118
X 329685  Y 155118
X 339685  Y 155118
X 349685  Y 155118
X 359685  Y 155118
X 369685  Y 155118
X 379685  Y 155118
X 389685  Y 155118
X 399685  Y 155118
X 409685  Y 155118
X 419685  Y 155118
X 429685  Y 155118
X 439685  Y 155118
X 449685  Y 155118
X 459685  Y 155118
X 469685  Y 155118
X 479685  Y 155118
X 489685  Y 155118
X 499685  Y 155118
X 509685  Y 155118
X 509685  Y 165118
X 509685  Y 175118
X 499685  Y 165118
X 499685  Y 175118
X 489685  Y 165118
X 489685  Y 175118
X 479685  Y 165118
X 479685  Y 175118
X 469685  Y 165118
X 469685  Y 175118
X 459685  Y 165118
X 459685  Y 175118
X 449685  Y 165118
X 449685  Y 175118
X 439685  Y 165118
X 439685  Y 175118
X 429685  Y 165118
X 429685  Y 175118
X 419685  Y 165118
X 419685  Y 175118
X 409685  Y 165118
X 409685  Y 175118
X 399685  Y 165118
X 399685  Y 175118
X 389685  Y 165118
X 389685  Y 175118
X 379685  Y 165118
X 379685  Y 175118
X 369685  Y 175118
X 369685  Y 165118
X 359685  Y 175118
X 359685  Y 165118
X 349685  Y 175118
X 349685  Y 165118
X 339685  Y 175118
X 339685  Y 165118
X 329685  Y 175118
X 329685  Y 165118
X 319685  Y 175118
X 319685  Y 165118
X 309685  Y 175118
X 309685  Y 165118
X 299685  Y 175118
X 299685  Y 165118
X 289685  Y 175118
X 289685  Y 165118
X 279685  Y 175118
X 279685  Y 165118
X 269685  Y 175118
X 269685  Y 165118
X 259685  Y 175118
X 259685  Y 165118
X 249685  Y 175118
X 249685  Y 165118
X 239685  Y 165118
X 239685  Y 175118
X 229685  Y 175118
X 229685  Y 165118
X 219685  Y 165118
X 219685  Y 175118
X 209685  Y 175118
X 209685  Y 165118
X 199685  Y 165118
X 199685  Y 175118
X 189685  Y 175118
X 189685  Y 165118
X 179685  Y 175118
X 179685  Y 165118
X 169685  Y 175118
X 169685  Y 165118
X 159685  Y 175118
X 159685  Y 165118
X 149685  Y 175118
X 149685  Y 165118
X 139685  Y 175118
X 139685  Y 165118
X 129685  Y 175118
X 129685  Y 165118
X 119685  Y 165118
X 119685  Y 175118
X 119685  Y 479448
X 129685  Y 479448
X 139685  Y 479448
X 149685  Y 479448
X 159685  Y 479448
X 169685  Y 479448
X 179685  Y 479448
X 189685  Y 479448
X 199685  Y 479448
X 209685  Y 479448
X 219685  Y 479448
X 229685  Y 479448
X 239685  Y 479448
X 249685  Y 479448
X 259685  Y 479448
X 269685  Y 479448
X 279685  Y 479448
X 289685  Y 479448
X 299685  Y 479448
X 309685  Y 479448
X 319685  Y 479448
X 329685  Y 479448
X 339685  Y 479448
X 349685  Y 479448
X 359685  Y 479448
X 369685  Y 479448
X 379685  Y 479448
X 389685  Y 479448
X 399685  Y 479448
X 409685  Y 479448
X 419685  Y 479448
X 429685  Y 479448
X 439685  Y 479448
X 449685  Y 479448
X 459685  Y 479448
X 469685  Y 479448
X 479685  Y 479448
X 489685  Y 479448
X 499685  Y 479448
X 509685  Y 479448
X 509685  Y 489448
X 509685  Y 499448
X 499685  Y 489448
X 499685  Y 499448
X 489685  Y 489448
X 489685  Y 499448
X 479685  Y 489448
X 479685  Y 499448
X 469685  Y 489448
X 469685  Y 499448
X 459685  Y 489448
X 459685  Y 499448
X 449685  Y 489448
X 449685  Y 499448
X 439685  Y 489448
X 439685  Y 499448
X 429685  Y 489448
X 429685  Y 499448
X 419685  Y 489448
X 419685  Y 499448
X 409685  Y 489448
X 409685  Y 499448
X 399685  Y 489448
X 399685  Y 499448
X 389685  Y 489448
X 389685  Y 499448
X 379685  Y 489448
X 379685  Y 499448
X 369685  Y 499448
X 369685  Y 489448
X 359685  Y 499448
X 359685  Y 489448
X 349685  Y 499448
X 349685  Y 489448
X 339685  Y 499448
X 339685  Y 489448
X 329685  Y 499448
X 329685  Y 489448
X 319685  Y 499448
X 319685  Y 489448
X 309685  Y 499448
X 309685  Y 489448
X 299685  Y 499448
X 299685  Y 489448
X 289685  Y 499448
X 289685  Y 489448
X 279685  Y 499448
X 279685  Y 489448
X 269685  Y 499448
X 269685  Y 489448
X 259685  Y 499448
X 259685  Y 489448
X 249685  Y 499448
X 249685  Y 489448
X 239685  Y 489448
X 239685  Y 499448
X 229685  Y 499448
X 229685  Y 489448
X 219685  Y 489448
X 219685  Y 499448
X 209685  Y 499448
X 209685  Y 489448
X 199685  Y 489448
X 199685  Y 499448
X 189685  Y 499448
X 189685  Y 489448
X 179685  Y 499448
X 179685  Y 489448
X 169685  Y 499448
X 169685  Y 489448
X 159685  Y 499448
X 159685  Y 489448
X 149685  Y 499448
X 149685  Y 489448
X 139685  Y 499448
X 139685  Y 489448
X 129685  Y 499448
X 129685  Y 489448
X 119685  Y 489448
X 119685  Y 499448

Drill: .037  Tool: 4  Feed: 197  Speed: 550
X 122778  Y 536500
X 132621  Y 536500
X 495900  Y 588600
X 495900  Y 597100
X 455900  Y 588600
X 455900  Y 597100
X 348300  Y 630878
X 265689  Y 541300
X 251910  Y 541300
X 132821  Y 599300
X 122978  Y 599300
X 120710  Y 686100
X 134489  Y 686100
X 346200  Y 673410
X 346200  Y 687189
X 348300  Y 640721
X 373878  Y 680400
X 376700  Y 647878
X 376700  Y 657721
X 383721  Y 680400
X 409800  Y 657721
X 409800  Y 647878
X 220900  Y 724610
X 220900  Y 738389
X 187300  Y 724610
X 187300  Y 738389

Drill: .045  Tool: 5  Feed: 139  Speed: 550
X 127900  Y 630000
X 127900  Y 640000
X 127900  Y 650000

Drill: .06299  Tool: 6  Feed: 89  Speed: 550
X 707900  Y 139500
X 707900  Y 169500
X 707900  Y 199500
X 707900  Y 229500
X 707900  Y 259500
X 707900  Y 289500
X 707900  Y 319500
X 707900  Y 349500
X 707900  Y 379500
X 707900  Y 409500
X 707900  Y 462100
X 707900  Y 492100
X 707900  Y 522100
X 707900  Y 552100
X 707900  Y 582100
X 707900  Y 612100
X 707900  Y 642100
X 707900  Y 672100
X 707900  Y 702100
X 707900  Y 732100

Drill: .1  Tool: 7  Feed: 69  Speed: 658
X 131177  Y 731400
X 142988  Y 713683
X 154800  Y 731400

End of Listing
