##### START OF AREA REPORT #####[
Design view:work.IntF(stru)
Selecting part EP4CE10F17C8

Total combinational functions 44 of 10320 ( 0%)
Logic element usage by number of inputs
		  4 input functions 	 23
		  3 input functions 	 17
		  <=2 input functions 	 4
Logic elements by mode
		  normal mode            44
		  arithmetic mode        0
Total registers 32 of 10320 ( 0%)
I/O pins 92 of 180 (51%), total I/O based on largest package of this part.

Number of I/O registers
			Input DDRs    :0
			Output DDRs   :0

DSP Blocks:     0  (0 nine-bit DSP elements).
DSP Utilization: 0.00% of available 23 blocks (46 nine-bit).
ShiftTap:       0  (0 registers)
Total ESB:      0 bits 

LPM latches:    16

##### END OF AREA REPORT #####]

