Flow report for proj_1
Thu Apr 13 21:31:27 2017
Quartus II 32-bit Version 13.1.4 Build 182 03/12/2014 SJ Full Version


---------------------
; Table of Contents ;
---------------------
  1. Legal Notice
  2. Flow Summary
  3. Flow Settings
  4. Flow Non-Default Global Settings
  5. Flow Elapsed Time
  6. Flow OS Summary
  7. Flow Log
  8. Flow Messages
  9. Flow Suppressed Messages



----------------
; Legal Notice ;
----------------
Copyright (C) 1991-2014 Altera Corporation
Your use of Altera Corporation's design tools, logic functions 
and other software and tools, and its AMPP partner logic 
functions, and any output files from any of the foregoing 
(including device programming or simulation files), and any 
associated documentation or information are expressly subject 
to the terms and conditions of the Altera Program License 
Subscription Agreement, Altera MegaCore Function License 
Agreement, or other applicable license agreement, including, 
without limitation, that your use is for the sole purpose of 
programming logic devices manufactured by Altera and sold by 
Altera or its authorized distributors.  Please refer to the 
applicable agreement for further details.



+----------------------------------------------------------------------------------+
; Flow Summary                                                                     ;
+------------------------------------+---------------------------------------------+
; Flow Status                        ; Successful - Thu Apr 13 21:31:27 2017       ;
; Quartus II 32-bit Version          ; 13.1.4 Build 182 03/12/2014 SJ Full Version ;
; Revision Name                      ; proj_1                                      ;
; Top-level Entity Name              ; IntF                                        ;
; Family                             ; Cyclone IV E                                ;
; Device                             ; EP4CE10F17C8                                ;
; Timing Models                      ; Final                                       ;
; Total logic elements               ; 76 / 10,320 ( < 1 % )                       ;
;     Total combinational functions  ; 60 / 10,320 ( < 1 % )                       ;
;     Dedicated logic registers      ; 32 / 10,320 ( < 1 % )                       ;
; Total registers                    ; 32                                          ;
; Total pins                         ; 92 / 180 ( 51 % )                           ;
; Total virtual pins                 ; 0                                           ;
; Total memory bits                  ; 0 / 423,936 ( 0 % )                         ;
; Embedded Multiplier 9-bit elements ; 0 / 46 ( 0 % )                              ;
; Total PLLs                         ; 0 / 2 ( 0 % )                               ;
+------------------------------------+---------------------------------------------+


+-----------------------------------------+
; Flow Settings                           ;
+-------------------+---------------------+
; Option            ; Setting             ;
+-------------------+---------------------+
; Start date & time ; 04/13/2017 21:30:46 ;
; Main task         ; Compilation         ;
; Revision Name     ; proj_1              ;
+-------------------+---------------------+


+-----------------------------------------------------------------------------------------------------------------------------------+
; Flow Non-Default Global Settings                                                                                                  ;
+---------------------------------------------+--------------------------------+---------------+-------------+----------------------+
; Assignment Name                             ; Value                          ; Default Value ; Entity Name ; Section Id           ;
+---------------------------------------------+--------------------------------+---------------+-------------+----------------------+
; COMPILER_SIGNATURE_ID                       ; 31222761621557.149209024507720 ; --            ; --          ; --                   ;
; EDA_DESIGN_ENTRY_SYNTHESIS_TOOL             ; SYNPLIFY                       ; <None>        ; --          ; --                   ;
; EDA_LMF_FILE                                ; synplcty.lmf                   ; --            ; --          ; eda_design_synthesis ;
; ENABLE_CLOCK_LATENCY                        ; On                             ; Off           ; --          ; --                   ;
; NUMBER_OF_SOURCES_PER_DESTINATION_TO_REPORT ; 1000                           ; 10            ; --          ; --                   ;
; OUTPUT_IO_TIMING_FAR_END_VMEAS              ; Half Signal Swing              ; --            ; --          ; --                   ;
; OUTPUT_IO_TIMING_FAR_END_VMEAS              ; Half Signal Swing              ; --            ; --          ; --                   ;
; OUTPUT_IO_TIMING_NEAR_END_VMEAS             ; Half Vccio                     ; --            ; --          ; --                   ;
; OUTPUT_IO_TIMING_NEAR_END_VMEAS             ; Half Vccio                     ; --            ; --          ; --                   ;
; PARTITION_COLOR                             ; 16764057                       ; --            ; IntF        ; Top                  ;
; PARTITION_FITTER_PRESERVATION_LEVEL         ; PLACEMENT_AND_ROUTING          ; --            ; IntF        ; Top                  ;
; PARTITION_NETLIST_TYPE                      ; SOURCE                         ; --            ; IntF        ; Top                  ;
; REMOVE_DUPLICATE_LOGIC                      ; Off                            ; On            ; --          ; --                   ;
; REMOVE_DUPLICATE_REGISTERS                  ; Off                            ; On            ; --          ; --                   ;
; ROUTER_REGISTER_DUPLICATION                 ; On                             ; Auto          ; --          ; --                   ;
; ROUTING_BACK_ANNOTATION_MODE                ; Normal                         ; --            ; --          ; --                   ;
; TAO_FILE                                    ; myresults.tao                  ; --            ; --          ; --                   ;
; TIMEQUEST_DO_REPORT_TIMING                  ; On                             ; Off           ; --          ; --                   ;
; TOP_LEVEL_ENTITY                            ; IntF                           ; proj_1        ; --          ; --                   ;
+---------------------------------------------+--------------------------------+---------------+-------------+----------------------+


+-------------------------------------------------------------------------------------------------------------------------------+
; Flow Elapsed Time                                                                                                             ;
+---------------------------+--------------+-------------------------+---------------------+------------------------------------+
; Module Name               ; Elapsed Time ; Average Processors Used ; Peak Virtual Memory ; Total CPU Time (on all processors) ;
+---------------------------+--------------+-------------------------+---------------------+------------------------------------+
; Analysis & Synthesis      ; 00:00:06     ; 1.0                     ; 363 MB              ; 00:00:02                           ;
; Fitter                    ; 00:00:16     ; 1.0                     ; 613 MB              ; 00:00:10                           ;
; Assembler                 ; 00:00:03     ; 1.0                     ; 347 MB              ; 00:00:01                           ;
; TimeQuest Timing Analyzer ; 00:00:04     ; 1.0                     ; 389 MB              ; 00:00:04                           ;
; Total                     ; 00:00:29     ; --                      ; --                  ; 00:00:17                           ;
+---------------------------+--------------+-------------------------+---------------------+------------------------------------+


+----------------------------------------------------------------------------------------+
; Flow OS Summary                                                                        ;
+---------------------------+------------------+-----------+------------+----------------+
; Module Name               ; Machine Hostname ; OS Name   ; OS Version ; Processor type ;
+---------------------------+------------------+-----------+------------+----------------+
; Analysis & Synthesis      ; ZZX              ; Windows 7 ; 6.1        ; i686           ;
; Fitter                    ; ZZX              ; Windows 7 ; 6.1        ; i686           ;
; Assembler                 ; ZZX              ; Windows 7 ; 6.1        ; i686           ;
; TimeQuest Timing Analyzer ; ZZX              ; Windows 7 ; 6.1        ; i686           ;
+---------------------------+------------------+-----------+------------+----------------+


------------
; Flow Log ;
------------
quartus_map --read_settings_files=on --write_settings_files=off proj_1 -c proj_1
quartus_fit --read_settings_files=off --write_settings_files=off proj_1 -c proj_1
quartus_asm --read_settings_files=off --write_settings_files=off proj_1 -c proj_1
quartus_sta proj_1 -c proj_1
quartus_eda --read_settings_files=off --write_settings_files=off proj_1 -c proj_1



